-------------------------------------------------------------------------------
Test set: jp.co.rakuten.roma.spybased_client.AppTest
-------------------------------------------------------------------------------
Tests run: 1, Failures: 0, Errors: 1, Skipped: 0, Time elapsed: 5.496 sec <<< FAILURE!
test(jp.co.rakuten.roma.spybased_client.AppTest)  Time elapsed: 5.494 sec  <<< ERROR!
net.spy.memcached.OperationTimeoutException: Timeout waiting for value
	at jp.co.rakuten.roma.client.RomaClientImpl.gets(RomaClientImpl.java:544)
	at jp.co.rakuten.roma.client.RomaClientImpl.gets(RomaClientImpl.java:553)
	at jp.co.rakuten.roma.spybased_client.AppTest.setUp(AppTest.java:64)
	at junit.framework.TestCase.runBare(TestCase.java:125)
	at junit.framework.TestResult$1.protect(TestResult.java:106)
	at junit.framework.TestResult.runProtected(TestResult.java:124)
	at junit.framework.TestResult.run(TestResult.java:109)
	at junit.framework.TestCase.run(TestCase.java:118)
	at junit.framework.TestSuite.runTest(TestSuite.java:208)
	at junit.framework.TestSuite.run(TestSuite.java:203)
	at sun.reflect.NativeMethodAccessorImpl.invoke0(Native Method)
	at sun.reflect.NativeMethodAccessorImpl.invoke(NativeMethodAccessorImpl.java:39)
	at sun.reflect.DelegatingMethodAccessorImpl.invoke(DelegatingMethodAccessorImpl.java:25)
	at java.lang.reflect.Method.invoke(Method.java:597)
	at org.apache.maven.surefire.junit.JUnitTestSet.execute(JUnitTestSet.java:213)
	at org.apache.maven.surefire.suite.AbstractDirectoryTestSuite.executeTestSet(AbstractDirectoryTestSuite.java:140)
	at org.apache.maven.surefire.suite.AbstractDirectoryTestSuite.execute(AbstractDirectoryTestSuite.java:127)
	at org.apache.maven.surefire.Surefire.run(Surefire.java:177)
	at sun.reflect.NativeMethodAccessorImpl.invoke0(Native Method)
	at sun.reflect.NativeMethodAccessorImpl.invoke(NativeMethodAccessorImpl.java:39)
	at sun.reflect.DelegatingMethodAccessorImpl.invoke(DelegatingMethodAccessorImpl.java:25)
	at java.lang.reflect.Method.invoke(Method.java:597)
	at org.apache.maven.surefire.booter.SurefireBooter.runSuitesInProcess(SurefireBooter.java:345)
	at org.apache.maven.surefire.booter.SurefireBooter.main(SurefireBooter.java:1009)
Caused by: net.spy.memcached.internal.CheckedOperationTimeoutException: Timed out waiting for operation - failing node: localhost/127.0.0.1:11212
	at net.spy.memcached.internal.OperationFuture.get(OperationFuture.java:59)
	at jp.co.rakuten.roma.client.RomaClientImpl.gets(RomaClientImpl.java:538)
	... 23 more
Caused by: net.spy.memcached.internal.CheckedOperationTimeoutException: Timed out waiting for operation - failing node: localhost/127.0.0.1:11212
	at net.spy.memcached.internal.OperationFuture.get(OperationFuture.java:59)
	at jp.co.rakuten.roma.client.RomaClientImpl.gets(RomaClientImpl.java:538)
	... 23 more

