<?xml version="1.0" encoding="UTF-8" ?>
<testsuite failures="0" time="5.494" errors="1" skipped="0" tests="1" name="jp.co.rakuten.roma.spybased_client.AppTest">
  <properties>
    <property name="java.runtime.name" value="Java(TM) SE Runtime Environment"/>
    <property name="sun.boot.library.path" value="/usr/java/jdk1.6.0_14/jre/lib/i386"/>
    <property name="java.vm.version" value="14.0-b16"/>
    <property name="java.vm.vendor" value="Sun Microsystems Inc."/>
    <property name="java.vendor.url" value="http://java.sun.com/"/>
    <property name="path.separator" value=":"/>
    <property name="java.vm.name" value="Java HotSpot(TM) Client VM"/>
    <property name="file.encoding.pkg" value="sun.io"/>
    <property name="user.country" value="JP"/>
    <property name="sun.java.launcher" value="SUN_STANDARD"/>
    <property name="sun.os.patch.level" value="unknown"/>
    <property name="java.vm.specification.name" value="Java Virtual Machine Specification"/>
    <property name="user.dir" value="/home/hirkubota/dev/git/roma-client/spybased-client"/>
    <property name="java.runtime.version" value="1.6.0_14-b08"/>
    <property name="java.awt.graphicsenv" value="sun.awt.X11GraphicsEnvironment"/>
    <property name="basedir" value="/home/hirkubota/dev/git/roma-client/spybased-client"/>
    <property name="java.endorsed.dirs" value="/usr/java/jdk1.6.0_14/jre/lib/endorsed"/>
    <property name="os.arch" value="i386"/>
    <property name="surefire.real.class.path" value="/tmp/surefirebooter5102776211262020771.jar"/>
    <property name="java.io.tmpdir" value="/tmp"/>
    <property name="line.separator" value="
"/>
    <property name="java.vm.specification.vendor" value="Sun Microsystems Inc."/>
    <property name="os.name" value="Linux"/>
    <property name="sun.jnu.encoding" value="UTF-8"/>
    <property name="java.library.path" value="/usr/java/jdk1.6.0_14/jre/lib/i386/client:/usr/java/jdk1.6.0_14/jre/lib/i386:/usr/java/jdk1.6.0_14/jre/../lib/i386:/usr/local/instantclient_11_1:/usr/local/apache2/lib:/usr/local/mysql/lib:/usr/local/pgsql/lib:/usr/local/openssl/lib:/home/hirkubota/sfw/lib:/usr/local/lib::/usr/java/packages/lib/i386:/lib:/usr/lib"/>
    <property name="surefire.test.class.path" value="/home/hirkubota/dev/git/roma-client/spybased-client/target/test-classes:/home/hirkubota/dev/git/roma-client/spybased-client/target/classes:/home/hirkubota/.m2/repository/junit/junit/3.8.1/junit-3.8.1.jar:/home/hirkubota/.m2/repository/net/arnx/jsonic/1.1.2/jsonic-1.1.2.jar:/home/hirkubota/.m2/repository/log4j/log4j/1.2.14/log4j-1.2.14.jar:"/>
    <property name="java.specification.name" value="Java Platform API Specification"/>
    <property name="java.class.version" value="50.0"/>
    <property name="sun.management.compiler" value="HotSpot Client Compiler"/>
    <property name="os.version" value="2.6.29.4-167.fc11.i586"/>
    <property name="user.home" value="/home/hirkubota"/>
    <property name="user.timezone" value="Asia/Tokyo"/>
    <property name="java.awt.printerjob" value="sun.print.PSPrinterJob"/>
    <property name="file.encoding" value="UTF-8"/>
    <property name="java.specification.version" value="1.6"/>
    <property name="user.name" value="hirkubota"/>
    <property name="java.class.path" value="/home/hirkubota/dev/git/roma-client/spybased-client/target/test-classes:/home/hirkubota/dev/git/roma-client/spybased-client/target/classes:/home/hirkubota/.m2/repository/junit/junit/3.8.1/junit-3.8.1.jar:/home/hirkubota/.m2/repository/net/arnx/jsonic/1.1.2/jsonic-1.1.2.jar:/home/hirkubota/.m2/repository/log4j/log4j/1.2.14/log4j-1.2.14.jar:"/>
    <property name="java.vm.specification.version" value="1.0"/>
    <property name="sun.arch.data.model" value="32"/>
    <property name="java.home" value="/usr/java/jdk1.6.0_14/jre"/>
    <property name="java.specification.vendor" value="Sun Microsystems Inc."/>
    <property name="user.language" value="ja"/>
    <property name="java.vm.info" value="mixed mode, sharing"/>
    <property name="java.version" value="1.6.0_14"/>
    <property name="java.ext.dirs" value="/usr/java/jdk1.6.0_14/jre/lib/ext:/usr/java/packages/lib/ext"/>
    <property name="sun.boot.class.path" value="/usr/java/jdk1.6.0_14/jre/lib/resources.jar:/usr/java/jdk1.6.0_14/jre/lib/rt.jar:/usr/java/jdk1.6.0_14/jre/lib/sunrsasign.jar:/usr/java/jdk1.6.0_14/jre/lib/jsse.jar:/usr/java/jdk1.6.0_14/jre/lib/jce.jar:/usr/java/jdk1.6.0_14/jre/lib/charsets.jar:/usr/java/jdk1.6.0_14/jre/classes"/>
    <property name="java.vendor" value="Sun Microsystems Inc."/>
    <property name="localRepository" value="/home/hirkubota/.m2/repository"/>
    <property name="file.separator" value="/"/>
    <property name="java.vendor.url.bug" value="http://java.sun.com/cgi-bin/bugreport.cgi"/>
    <property name="sun.cpu.endian" value="little"/>
    <property name="sun.io.unicode.encoding" value="UnicodeLittle"/>
    <property name="sun.desktop" value="gnome"/>
    <property name="sun.cpu.isalist" value=""/>
  </properties>
  <testcase time="5.493" classname="jp.co.rakuten.roma.spybased_client.AppTest" name="test">
    <error message="Timeout waiting for value" type="net.spy.memcached.OperationTimeoutException">net.spy.memcached.OperationTimeoutException: Timeout waiting for value
	at jp.co.rakuten.roma.client.RomaClientImpl.gets(RomaClientImpl.java:544)
	at jp.co.rakuten.roma.client.RomaClientImpl.gets(RomaClientImpl.java:553)
	at jp.co.rakuten.roma.spybased_client.AppTest.setUp(AppTest.java:64)
	at junit.framework.TestCase.runBare(TestCase.java:125)
	at junit.framework.TestResult$1.protect(TestResult.java:106)
	at junit.framework.TestResult.runProtected(TestResult.java:124)
	at junit.framework.TestResult.run(TestResult.java:109)
	at junit.framework.TestCase.run(TestCase.java:118)
	at junit.framework.TestSuite.runTest(TestSuite.java:208)
	at junit.framework.TestSuite.run(TestSuite.java:203)
	at sun.reflect.NativeMethodAccessorImpl.invoke0(Native Method)
	at sun.reflect.NativeMethodAccessorImpl.invoke(NativeMethodAccessorImpl.java:39)
	at sun.reflect.DelegatingMethodAccessorImpl.invoke(DelegatingMethodAccessorImpl.java:25)
	at java.lang.reflect.Method.invoke(Method.java:597)
	at org.apache.maven.surefire.junit.JUnitTestSet.execute(JUnitTestSet.java:213)
	at org.apache.maven.surefire.suite.AbstractDirectoryTestSuite.executeTestSet(AbstractDirectoryTestSuite.java:140)
	at org.apache.maven.surefire.suite.AbstractDirectoryTestSuite.execute(AbstractDirectoryTestSuite.java:127)
	at org.apache.maven.surefire.Surefire.run(Surefire.java:177)
	at sun.reflect.NativeMethodAccessorImpl.invoke0(Native Method)
	at sun.reflect.NativeMethodAccessorImpl.invoke(NativeMethodAccessorImpl.java:39)
	at sun.reflect.DelegatingMethodAccessorImpl.invoke(DelegatingMethodAccessorImpl.java:25)
	at java.lang.reflect.Method.invoke(Method.java:597)
	at org.apache.maven.surefire.booter.SurefireBooter.runSuitesInProcess(SurefireBooter.java:345)
	at org.apache.maven.surefire.booter.SurefireBooter.main(SurefireBooter.java:1009)
Caused by: net.spy.memcached.internal.CheckedOperationTimeoutException: Timed out waiting for operation - failing node: localhost/127.0.0.1:11212
	at net.spy.memcached.internal.OperationFuture.get(OperationFuture.java:59)
	at jp.co.rakuten.roma.client.RomaClientImpl.gets(RomaClientImpl.java:538)
	... 23 more
Caused by: net.spy.memcached.internal.CheckedOperationTimeoutException: Timed out waiting for operation - failing node: localhost/127.0.0.1:11212
	at net.spy.memcached.internal.OperationFuture.get(OperationFuture.java:59)
	at jp.co.rakuten.roma.client.RomaClientImpl.gets(RomaClientImpl.java:538)
	... 23 more
</error>
    <system-err>--start--
2010-05-24 15:51:02.776 INFO jp.co.rakuten.roma.client.RomaConnection:  Connected to {QA sa=localhost/127.0.0.1:11211, #Rops=0, #Wops=0, #iq=0, topRop=null, topWop=null, toWrite=0, interested=0} immediately
2010-05-24 15:51:02.780 INFO jp.co.rakuten.roma.client.RomaConnection:  Connected to {QA sa=localhost/127.0.0.1:11212, #Rops=0, #Wops=0, #iq=0, topRop=null, topWop=null, toWrite=0, interested=0} immediately
2010-05-24 15:51:02.780 ERROR jp.co.rakuten.roma.client.RomaConnection:  All nodes are annihilation !
BEGIN-FIRST
2010-05-24 15:51:02.785 ERROR jp.co.rakuten.roma.client.RomaConnection:  All nodes are annihilation !
2010-05-24 15:51:02.796 INFO jp.co.rakuten.roma.client.RomaNodeLocator:  Routing info update !
BEGIN-END (17)
--construct--5200
Exception in thread &quot;Memcached IO over {MemcachedConnection to localhost/127.0.0.1:11211 localhost/127.0.0.1:11212}&quot; java.lang.AssertionError: CAS was less than zero:  0
	at jp.co.rakuten.roma.client.RomaClientImpl$3.gotData(RomaClientImpl.java:511)
	at net.spy.memcached.protocol.ascii.BaseGetOpImpl.handleRead(BaseGetOpImpl.java:97)
	at net.spy.memcached.protocol.ascii.OperationImpl.readFromBuffer(OperationImpl.java:108)
	at jp.co.rakuten.roma.client.RomaConnection.handleReads(RomaConnection.java:497)
	at jp.co.rakuten.roma.client.RomaConnection.handleIO(RomaConnection.java:441)
	at jp.co.rakuten.roma.client.RomaConnection.handleIO(RomaConnection.java:328)
	at jp.co.rakuten.roma.client.RomaClientImpl.run(RomaClientImpl.java:938)
</system-err>
  </testcase>
</testsuite>